<?xml version="1.0" encoding="UTF-8"?>
<testng-results ignored="0" total="1" passed="1" failed="0" skipped="0">
  <reporter-output>
  </reporter-output>
  <suite started-at="2024-04-16T11:40:20 IST" name="Default suite" finished-at="2024-04-16T11:40:20 IST" duration-ms="196">
    <groups>
    </groups>
    <test started-at="2024-04-16T11:40:20 IST" name="Default test" finished-at="2024-04-16T11:40:20 IST" duration-ms="196">
      <class name="org.exercise.ElasticKibana.TestCase1">
        <test-method signature="passTestcase()[pri:0, instance:org.exercise.ElasticKibana.TestCase1@7bba5817]" started-at="2024-04-16T11:40:20 IST" name="passTestcase" finished-at="2024-04-16T11:40:20 IST" duration-ms="41" status="PASS">
          <reporter-output>
          </reporter-output>
        </test-method> <!-- passTestcase -->
      </class> <!-- org.exercise.ElasticKibana.TestCase1 -->
    </test> <!-- Default test -->
  </suite> <!-- Default suite -->
</testng-results>
